\BOOKMARK [1][-]{chapter*.2}{\376\377\000F\000e\000l\000a\000d\000a\000t\000k\000i\000\355\000r\000\341\000s}{}% 1
\BOOKMARK [1][-]{chapter*.3}{\376\377\000T\000a\000r\000t\000a\000l\000m\000i\000\040\000\366\000s\000s\000z\000e\000f\000o\000g\000l\000a\000l\000\363}{}% 2
\BOOKMARK [1][-]{chapter*.10}{\376\377\000M\000o\000t\000i\000v\000\341\000c\000i\000\363}{}% 3
\BOOKMARK [0][-]{chapter.1}{\376\377\000\311\000r\000d\000e\000m\000i\000\040\000r\000\351\000s\000z}{}% 4
\BOOKMARK [1][-]{section.1.1}{\376\377\000A\000\040\000W\000o\000r\000d\000\040\000i\000n\000\040\000c\000o\000n\000t\000e\000x\000t\000\040\000f\000e\000l\000a\000d\000a\000t}{chapter.1}% 5
\BOOKMARK [1][-]{section.1.2}{\376\377\000M\000e\000g\000e\000l\001\121\000z\001\121\000\040\000l\000\351\000p\000\351\000s\000e\000k}{chapter.1}% 6
\BOOKMARK [1][-]{section.1.3}{\376\377\000A\000\040\000s\000z\000o\000f\000t\000v\000e\000r}{chapter.1}% 7
\BOOKMARK [1][-]{section.1.4}{\376\377\000A\000\040\000t\000\366\000b\000b\000\351\000r\000t\000e\000l\000m\001\161\000s\000\351\000g\000\040\000p\000r\000o\000b\000l\000\351\000m\000\341\000j\000a\000\040\000a\000\040\000t\000e\000r\000m\000\351\000s\000z\000e\000t\000e\000s\000\040\000n\000y\000e\000l\000v\000e\000k\000b\000e\000n}{chapter.1}% 8
\BOOKMARK [1][-]{section.1.5}{\376\377\000A\000\040\000W\000i\000C\000\040\000p\000r\000o\000b\000l\000\351\000m\000a}{chapter.1}% 9
\BOOKMARK [1][-]{section.1.6}{\376\377\000E\000g\000y\000\040\000r\000e\000n\000d\000s\000z\000e\000r\000\040\000f\000e\000l\000a\000d\000a\000t\000a\000\040\000a\000\040\000W\000i\000C\000\040\000a\000d\000a\000t\000h\000a\000l\000m\000a\000z\000o\000n}{chapter.1}% 10
\BOOKMARK [1][-]{section.1.7}{\376\377\000B\000i\000n\000\341\000r\000i\000s\000\040\000o\000s\000z\000t\000\341\000l\000y\000o\000z\000\341\000s}{chapter.1}% 11
\BOOKMARK [1][-]{section.1.8}{\376\377\000A\000\040\000W\000i\000C\000\040\000a\000d\000a\000t\000h\000a\000l\000m\000a\000z\000\040\000e\000r\000e\000d\000e\000t\000e}{chapter.1}% 12
\BOOKMARK [2][-]{subsection.1.8.1}{\376\377\000E\000d\000d\000i\000g\000i\000\040\000l\000e\000g\000j\000o\000b\000b\000\040\000m\000o\000d\000e\000l\000l\000-\000t\000e\000l\000j\000e\000s\000\355\000t\000m\000\351\000n\000y\000e\000k\000\040\000a\000\040\000W\000i\000C\000\040\000a\000d\000a\000t\000h\000a\000l\000m\000a\000z\000o\000n}{section.1.8}% 13
\BOOKMARK [1][-]{section.1.9}{\376\377\000N\000a\000g\000y\000\040\000n\000y\000e\000l\000v\000i\000\040\000m\000o\000d\000e\000l\000l\000e\000k}{chapter.1}% 14
\BOOKMARK [2][-]{subsection.1.9.1}{\376\377\000C\000h\000a\000t\000b\000o\000t\000\040\000A\000r\000e\000n\000a\000,\000\040\000v\000a\000g\000y\000\040\000L\000M\000S\000Y\000S\000\040\000-\000\040\000n\000a\000g\000y\000\040\000n\000y\000e\000l\000v\000i\000\040\000m\000o\000d\000e\000l\000l\000e\000k\000e\000t\000\040\000\366\000s\000s\000z\000e\000h\000a\000s\000o\000n\000l\000\355\000t\000\363\000\040\000p\000l\000a\000t\000f\000o\000r\000m}{section.1.9}% 15
\BOOKMARK [1][-]{section*.11}{\376\377\000N\000y\000e\000l\000v\000i\000\040\000m\000o\000d\000e\000l\000l\000\040\000a\000l\000a\000p\000f\000o\000g\000a\000l\000m\000a\000k}{chapter.1}% 16
\BOOKMARK [2][-]{subsection.1.9.2}{\376\377\000A\000\040\000p\000r\000o\000m\000p\000t}{section*.11}% 17
\BOOKMARK [2][-]{subsection.1.9.3}{\376\377\000I\000n\000f\000e\000r\000e\000n\000c\000i\000a}{section*.11}% 18
\BOOKMARK [2][-]{subsection.1.9.4}{\376\377\000D\000e\000t\000e\000r\000m\000i\000n\000i\000s\000z\000t\000i\000k\000u\000s\000\040\000k\000\366\000v\000e\000t\000k\000e\000z\000t\000e\000t\000\351\000s\000,\000\040\000t\000e\000m\000p\000e\000r\000a\000t\000u\000r\000e\000,\000\040\000t\000o\000p\000-\000p\000\040\000\351\000s\000\040\000t\000o\000p\000-\000k}{section*.11}% 19
\BOOKMARK [2][-]{subsection.1.9.5}{\376\377\000M\000a\000x\000i\000m\000u\000m\000\040\000k\000i\000m\000e\000n\000e\000t\000i\000\040\000t\000o\000k\000e\000n\000e\000k\000\040\000\351\000s\000\040\000k\000o\000n\000t\000e\000x\000t\000u\000s\000a\000b\000l\000a\000k}{section*.11}% 20
\BOOKMARK [